I190812 14:42:26.026341 1 util/log/clog.go:1199  [config] file created at: 2019/08/12 14:42:26
I190812 14:42:26.026341 1 util/log/clog.go:1199  [config] running on machine: Sergio-PC
I190812 14:42:26.026341 1 util/log/clog.go:1199  [config] binary: CockroachDB CCL v19.1.3 (x86_64-unknown-linux-gnu, built 2019/07/08 18:24:39, go1.11.6)
I190812 14:42:26.026341 1 util/log/clog.go:1199  [config] arguments: [cockroach start --insecure]
I190812 14:42:26.026341 1 util/log/clog.go:1199  line format: [IWEF]yymmdd hh:mm:ss.uuuuuu goid file:line msg utf8=✓
I190812 14:42:26.026340 1 cli/start.go:1033  logging to directory /home/sergio/Desarrollo/GoProjects/cockroach-data/logs
W190812 14:42:26.026493 1 cli/start.go:1068  RUNNING IN INSECURE MODE!

- Your cluster is open for any client that can access <all your IP addresses>.
- Any user, even root, can log in without providing a password.
- Any user, connecting as root, can read or write any data in your cluster.
- There is no network encryption nor authentication, and thus no confidentiality.

Check out how to secure your cluster: https://www.cockroachlabs.com/docs/v19.1/secure-a-cluster.html
I190812 14:42:26.026600 1 server/status/recorder.go:610  available memory from cgroups (8.0 EiB) exceeds system memory 16 GiB, using system memory
W190812 14:42:26.026630 1 cli/start.go:944  Using the default setting for --cache (128 MiB).
  A significantly larger value is usually needed for good performance.
  If you have a dedicated server a reasonable setting is --cache=.25 (3.9 GiB).
I190812 14:42:26.026696 1 server/status/recorder.go:610  available memory from cgroups (8.0 EiB) exceeds system memory 16 GiB, using system memory
W190812 14:42:26.026709 1 cli/start.go:957  Using the default setting for --max-sql-memory (128 MiB).
  A significantly larger value is usually needed in production.
  If you have a dedicated server a reasonable setting is --max-sql-memory=.25 (3.9 GiB).
I190812 14:42:26.026771 1 server/status/recorder.go:610  available memory from cgroups (8.0 EiB) exceeds system memory 16 GiB, using system memory
I190812 14:42:26.026780 1 cli/start.go:1082  CockroachDB CCL v19.1.3 (x86_64-unknown-linux-gnu, built 2019/07/08 18:24:39, go1.11.6)
I190812 14:42:26.128182 1 server/status/recorder.go:610  available memory from cgroups (8.0 EiB) exceeds system memory 16 GiB, using system memory
I190812 14:42:26.128223 1 server/config.go:386  system total memory: 16 GiB
I190812 14:42:26.128318 1 server/config.go:388  server configuration:
max offset             500000000
cache size             128 MiB
SQL memory pool size   128 MiB
scan interval          10m0s
scan min idle time     10ms
scan max idle time     1s
event log enabled      true
I190812 14:42:26.128365 1 cli/start.go:929  process identity: uid 1000 euid 1000 gid 1000 egid 1000
I190812 14:42:26.128390 1 cli/start.go:554  starting cockroach node
I190812 14:42:26.130162 14 storage/engine/rocksdb.go:613  opening rocksdb instance at "/home/sergio/Desarrollo/GoProjects/cockroach-data/cockroach-temp779799557"
I190812 14:42:26.657277 14 server/server.go:879  [n?] monitoring forward clock jumps based on server.clock.forward_jump_check_enabled
I190812 14:42:26.657490 14 storage/engine/rocksdb.go:613  opening rocksdb instance at "/home/sergio/Desarrollo/GoProjects/cockroach-data"
I190812 14:42:26.883246 14 server/config.go:494  [n?] 1 storage engine initialized
I190812 14:42:26.883282 14 server/config.go:497  [n?] RocksDB cache size: 128 MiB
I190812 14:42:26.883298 14 server/config.go:497  [n?] store 0: RocksDB, max size 0 B, max open file limit 10000
W190812 14:42:26.885358 14 cli/start.go:896  neither --listen-addr nor --advertise-addr was specified.
The server will advertise "Sergio-PC" to other nodes, is this routable?

Consider using:
- for local-only servers:  --listen-addr=localhost
- for multi-node clusters: --advertise-addr=<host/IP addr>
I190812 14:42:26.971446 14 server/server.go:929  [n?] Sleeping till wall time 1565620946971417866 to catches up to 1565620947157234448 to ensure monotonicity. Delta: 185.816582ms
I190812 14:42:27.158361 14 gossip/gossip.go:392  [n1] NodeDescriptor set to node_id:1 address:<network_field:"tcp" address_field:"Sergio-PC:26257" > attrs:<> locality:<> ServerVersion:<major_val:19 minor_val:1 patch:0 unstable:0 > build_tag:"v19.1.3" started_at:1565620947158065815 
W190812 14:42:27.172580 145 storage/replica_range_lease.go:506  can't determine lease status due to node liveness error: node not in the liveness table
W190812 14:42:27.172610 145 storage/store.go:1525  [n1,s1,r6/1:/Table/{SystemCon…-11}] could not gossip system config: [NotLeaseHolderError] r6: replica (n1,s1):1 not lease holder; lease holder unknown
I190812 14:42:27.174438 14 server/node.go:461  [n1] initialized store [n1,s1]: disk (capacity=98 GiB, available=39 GiB, used=20 MiB, logicalBytes=91 MiB), ranges=30, leases=0, queries=0.00, writes=0.00, bytesPerReplica={p10=0.00 p25=0.00 p50=1545.00 p75=25367.00 p90=9867934.00 pMax=50576953.00}, writesPerReplica={p10=0.00 p25=0.00 p50=0.00 p75=0.00 p90=0.00 pMax=0.00}
I190812 14:42:27.174532 14 storage/stores.go:244  [n1] read 0 node addresses from persistent storage
I190812 14:42:27.174642 14 server/node.go:699  [n1] connecting to gossip network to verify cluster ID...
I190812 14:42:27.174659 14 server/node.go:719  [n1] node connected via gossip and verified as part of cluster "784420a6-709d-480e-a2ef-a5a123431f89"
I190812 14:42:27.174740 14 server/node.go:542  [n1] node=1: started with [<no-attributes>=/home/sergio/Desarrollo/GoProjects/cockroach-data] engine(s) and attributes []
I190812 14:42:27.174891 14 server/status/recorder.go:610  [n1] available memory from cgroups (8.0 EiB) exceeds system memory 16 GiB, using system memory
I190812 14:42:27.174953 14 server/server.go:1592  [n1] starting http server at [::]:8080 (use: Sergio-PC:8080)
I190812 14:42:27.174976 14 server/server.go:1594  [n1] starting grpc/postgres server at [::]:26257
I190812 14:42:27.174997 14 server/server.go:1595  [n1] advertising CockroachDB node at Sergio-PC:26257
W190812 14:42:27.175028 14 jobs/registry.go:341  [n1] unable to get node liveness: node not in the liveness table
W190812 14:42:27.224535 145 storage/store.go:1525  [n1,s1,r6/1:/Table/{SystemCon…-11}] could not gossip system config: [NotLeaseHolderError] r6: replica (n1,s1):1 not lease holder; lease holder unknown
W190812 14:42:27.310361 145 storage/store.go:1525  [n1,s1,r6/1:/Table/{SystemCon…-11}] could not gossip system config: [NotLeaseHolderError] r6: replica (n1,s1):1 not lease holder; lease holder unknown
I190812 14:42:27.575303 44 storage/node_liveness.go:453  [n1,hb] heartbeat failed on epoch increment; retrying
I190812 14:42:27.644317 44 storage/node_liveness.go:453  [n1,hb] heartbeat failed on epoch increment; retrying
I190812 14:42:27.734507 14 server/server.go:1660  [n1] done ensuring all necessary migrations have run
I190812 14:42:27.734549 14 server/server.go:1663  [n1] serving sql connections
I190812 14:42:27.734786 14 cli/start.go:689  [config] clusterID: 784420a6-709d-480e-a2ef-a5a123431f89
I190812 14:42:27.734839 14 cli/start.go:697  node startup completed:
CockroachDB node starting at 2019-08-12 14:42:27.7346446 +0000 UTC (took 1.7s)
build:               CCL v19.1.3 @ 2019/07/08 18:24:39 (go1.11.6)
webui:               http://Sergio-PC:8080
sql:                 postgresql://root@Sergio-PC:26257?sslmode=disable
client flags:        cockroach <client cmd> --host=Sergio-PC:26257 --insecure
logs:                /home/sergio/Desarrollo/GoProjects/cockroach-data/logs
temp dir:            /home/sergio/Desarrollo/GoProjects/cockroach-data/cockroach-temp779799557
external I/O path:   /home/sergio/Desarrollo/GoProjects/cockroach-data/extern
store[0]:            path=/home/sergio/Desarrollo/GoProjects/cockroach-data
status:              restarted pre-existing node
clusterID:           784420a6-709d-480e-a2ef-a5a123431f89
nodeID:              1
I190812 14:42:28.057600 65 server/server_update.go:67  [n1] no need to upgrade, cluster already at the newest version
I190812 14:42:28.955179 103 gossip/gossip.go:1510  [n1] node has connected to cluster via gossip
I190812 14:42:28.955356 103 storage/stores.go:263  [n1] wrote 0 node addresses to persistent storage
W190812 14:42:29.246520 119 storage/store.go:3704  [n1,s1,r58/1:/System/tsd/cr.{node.…-store…}] handle raft ready: 0.8s [processed=1]
W190812 14:42:29.246577 120 storage/store.go:3704  [n1,s1,r8/1:/Table/1{2-3}] handle raft ready: 0.8s [processed=1]
W190812 14:42:29.246655 121 storage/store.go:3704  [n1,s1,r7/1:/Table/1{1-2}] handle raft ready: 0.8s [processed=1]
W190812 14:42:29.247163 132 storage/store.go:3704  [n1,s1,r6/1:/Table/{SystemCon…-11}] handle raft ready: 0.8s [processed=1]
W190812 14:42:30.095671 108 storage/store.go:3704  [n1,s1,r2/1:/System/NodeLiveness{-Max}] handle raft ready: 0.8s [processed=1]
I190812 14:42:30.231554 213 sql/event_log.go:135  [n1] Event: "node_restart", target: 1, info: {Descriptor:{NodeID:1 Address:Sergio-PC:26257 Attrs: Locality: ServerVersion:19.1 BuildTag:v19.1.3 StartedAt:1565620947158065815 LocalityAddress:[] XXX_NoUnkeyedLiteral:{} XXX_sizecache:0} ClusterID:784420a6-709d-480e-a2ef-a5a123431f89 StartedAt:1565620947158065815 LastUp:1565620816945509923}
I190812 14:42:37.175709 164 storage/store.go:4216  [n1,s1] sstables (read amplification = 1):
6 [ 9M 3 ]: 4M[2] 1M
I190812 14:42:37.175798 164 storage/store.go:4217  [n1,s1] 
** Compaction Stats [default] **
Level    Files   Size     Score Read(GB)  Rn(GB) Rnp1(GB) Write(GB) Wnew(GB) Moved(GB) W-Amp Rd(MB/s) Wr(MB/s) Comp(sec) Comp(cnt) Avg(sec) KeyIn KeyDrop
----------------------------------------------------------------------------------------------------------------------------------------------------------
  L0      0/0    0.00 KB   0.0      0.0     0.0      0.0       0.0      0.0       0.0   1.0      0.0      1.4         0         1    0.068       0      0
  L6      3/0    9.22 MB   0.0      0.0     0.0      0.0       0.0      0.0       0.0  19.6     16.2     15.9         1         1    0.580     30K   5086
 Sum      3/0    9.22 MB   0.0      0.0     0.0      0.0       0.0      0.0       0.0 100.5     14.5     14.4         1         2    0.324     30K   5086
 Int      0/0    0.00 KB   0.0      0.0     0.0      0.0       0.0      0.0       0.0 100.5     14.5     14.4         1         2    0.324     30K   5086
Uptime(secs): 10.5 total, 10.5 interval
Flush(GB): cumulative 0.000, interval 0.000
AddFile(GB): cumulative 0.000, interval 0.000
AddFile(Total Files): cumulative 0, interval 0
AddFile(L0 Files): cumulative 0, interval 0
AddFile(Keys): cumulative 0, interval 0
Cumulative compaction: 0.01 GB write, 0.89 MB/s write, 0.01 GB read, 0.89 MB/s read, 0.6 seconds
Interval compaction: 0.01 GB write, 0.89 MB/s write, 0.01 GB read, 0.89 MB/s read, 0.6 seconds
Stalls(count): 0 level0_slowdown, 0 level0_slowdown_with_compaction, 0 level0_numfiles, 0 level0_numfiles_with_compaction, 0 stop for pending_compaction_bytes, 0 slowdown for pending_compaction_bytes, 0 memtable_compaction, 0 memtable_slowdown, interval 0 total count
estimated_pending_compaction_bytes: 0 B
I190812 14:42:37.176602 169 server/status/runtime.go:500  [n1] runtime stats: 105 MiB RSS, 131 goroutines, 96 MiB/28 MiB/135 MiB GO alloc/idle/total, 19 MiB/23 MiB CGO alloc/total, 0.0 CGO/sec, 0.0/0.0 %(u/s)time, 0.0 %gc (9x), 11 KiB/11 KiB (r/w)net
I190812 14:42:47.178632 169 server/status/runtime.go:500  [n1] runtime stats: 114 MiB RSS, 133 goroutines, 102 MiB/21 MiB/135 MiB GO alloc/idle/total, 19 MiB/24 MiB CGO alloc/total, 78.9 CGO/sec, 1.2/0.4 %(u/s)time, 0.0 %gc (0x), 4.7 KiB/5.2 KiB (r/w)net
W190812 14:42:54.772011 115 storage/store.go:3704  [n1,s1,r1/1:/{Min-System/NodeL…}] handle raft ready: 0.6s [processed=1]
I190812 14:42:57.180778 169 server/status/runtime.go:500  [n1] runtime stats: 121 MiB RSS, 135 goroutines, 110 MiB/14 MiB/135 MiB GO alloc/idle/total, 20 MiB/24 MiB CGO alloc/total, 232.6 CGO/sec, 1.5/0.2 %(u/s)time, 0.0 %gc (0x), 2.6 KiB/3.3 KiB (r/w)net
W190812 14:43:01.817900 121 storage/store.go:3704  [n1,s1,r1/1:/{Min-System/NodeL…}] handle raft ready: 0.9s [processed=1]
W190812 14:43:05.857577 112 storage/store.go:3704  [n1,s1,r58/1:/System/tsd/cr.{node.…-store…}] handle raft ready: 1.6s [processed=1]
I190812 14:43:07.183035 169 server/status/runtime.go:500  [n1] runtime stats: 129 MiB RSS, 134 goroutines, 78 MiB/42 MiB/135 MiB GO alloc/idle/total, 20 MiB/25 MiB CGO alloc/total, 37.2 CGO/sec, 1.0/0.4 %(u/s)time, 0.0 %gc (1x), 2.4 KiB/2.5 KiB (r/w)net
W190812 14:43:09.093727 123 storage/store.go:3704  [n1,s1,r2/1:/System/NodeLiveness{-Max}] handle raft ready: 1.4s [processed=1]
W190812 14:43:09.093990 44 storage/node_liveness.go:523  [n1,hb] slow heartbeat took 1.4s
W190812 14:43:09.468397 126 storage/store.go:3704  [n1,s1,r58/1:/System/tsd/cr.{node.…-store…}] handle raft ready: 1.4s [processed=1]
W190812 14:43:09.469094 108 storage/store.go:3704  [n1,s1,r3/1:/System/{NodeLive…-tsd}] handle raft ready: 1.4s [processed=1]
W190812 14:43:09.469363 129 storage/store.go:3704  [n1,s1,r57/1:/System{/tsd/cr.s…-tse}] handle raft ready: 1.4s [processed=1]
W190812 14:43:09.470511 127 storage/store.go:3704  [n1,s1,r4/1:/System/tsd{-/cr.nod…}] handle raft ready: 1.4s [processed=1]
I190812 14:43:17.185505 169 server/status/runtime.go:500  [n1] runtime stats: 130 MiB RSS, 132 goroutines, 85 MiB/36 MiB/135 MiB GO alloc/idle/total, 21 MiB/25 MiB CGO alloc/total, 41.5 CGO/sec, 1.0/0.4 %(u/s)time, 0.0 %gc (0x), 4.2 KiB/4.4 KiB (r/w)net
W190812 14:43:19.536326 117 storage/store.go:3704  [n1,s1,r58/1:/System/tsd/cr.{node.…-store…}] handle raft ready: 1.4s [processed=1]
W190812 14:43:19.536982 112 storage/store.go:3704  [n1,s1,r57/1:/System{/tsd/cr.s…-tse}] handle raft ready: 1.4s [processed=1]
W190812 14:43:19.538117 115 storage/store.go:3704  [n1,s1,r4/1:/System/tsd{-/cr.nod…}] handle raft ready: 1.4s [processed=1]
W190812 14:43:19.569577 139 storage/store.go:3704  [n1,s1,r3/1:/System/{NodeLive…-tsd}] handle raft ready: 1.5s [processed=1]
W190812 14:43:22.082985 126 storage/store.go:3704  [n1,s1,r2/1:/System/NodeLiveness{-Max}] handle raft ready: 0.9s [processed=1]
I190812 14:43:27.175416 165 gossip/gossip.go:557  [n1] gossip status (ok, 1 node)
gossip client (0/3 cur/max conns)
gossip server (0/3 cur/max conns, infos 0/0 sent/received, bytes 0B/0B sent/received)
gossip connectivity
  n1 [sentinel];
I190812 14:43:27.186415 169 server/status/runtime.go:500  [n1] runtime stats: 130 MiB RSS, 136 goroutines, 91 MiB/30 MiB/135 MiB GO alloc/idle/total, 21 MiB/26 MiB CGO alloc/total, 36.4 CGO/sec, 0.9/0.4 %(u/s)time, 0.0 %gc (0x), 6.8 KiB/3.0 KiB (r/w)net
W190812 14:43:28.663171 128 storage/store.go:3704  [n1,s1,r7/1:/Table/1{1-2}] handle raft ready: 1.5s [processed=1]
W190812 14:43:28.697089 133 storage/store.go:3704  [n1,s1,r1/1:/{Min-System/NodeL…}] handle raft ready: 0.8s [processed=1]
W190812 14:43:28.697376 138 storage/store.go:3704  [n1,s1,r3/1:/System/{NodeLive…-tsd}] handle raft ready: 0.6s [processed=1]
W190812 14:43:28.697755 107 storage/store.go:3704  [n1,s1,r58/1:/System/tsd/cr.{node.…-store…}] handle raft ready: 0.6s [processed=1]
W190812 14:43:28.698160 134 storage/store.go:3704  [n1,s1,r57/1:/System{/tsd/cr.s…-tse}] handle raft ready: 0.6s [processed=1]
W190812 14:43:28.699390 132 storage/store.go:3704  [n1,s1,r4/1:/System/tsd{-/cr.nod…}] handle raft ready: 0.6s [processed=1]
W190812 14:43:29.250590 354 sql/stats/automatic_stats.go:450  failed to create statistics on table 65: create-stats: table is being dropped
I190812 14:43:30.925976 1 cli/start.go:765  received signal 'interrupt'
I190812 14:43:30.959742 1 cli/start.go:830  initiating graceful shutdown of server
W190812 14:43:32.235613 139 storage/store.go:3704  [n1,s1,r2/1:/System/NodeLiveness{-Max}] handle raft ready: 1.1s [processed=1]
I190812 14:43:32.326292 516 util/stop/stopper.go:546  [server drain process] quiescing; tasks left:
1      [async] intent_resolver_ir_batcher
1      [async] intent_resolver_gc_batcher
1      [async] closedts-rangefeed-subscriber
W190812 14:43:32.326755 54 vendor/google.golang.org/grpc/clientconn.go:1304  grpc: addrConn.createTransport failed to connect to {Sergio-PC:26257 0  <nil>}. Err :connection error: desc = "transport: failed to write client preface: io: read/write on closed pipe". Reconnecting...
I190812 14:43:32.371211 516 storage/engine/rocksdb.go:753  closing rocksdb instance at "/home/sergio/Desarrollo/GoProjects/cockroach-data/cockroach-temp779799557"
W190812 14:43:32.415624 54 vendor/google.golang.org/grpc/clientconn.go:1440  grpc: addrConn.transportMonitor exits due to: grpc: the connection is closing
I190812 14:43:32.461701 516 storage/engine/rocksdb.go:753  closing rocksdb instance at "/home/sergio/Desarrollo/GoProjects/cockroach-data"
I190812 14:43:32.552258 1 cli/start.go:876  server drained and shutdown completed
I190812 14:43:32.596197 1 cli/error.go:229  interrupted
Error: interrupted
