I190812 23:37:32.116317 1 util/log/clog.go:1199  [config] file created at: 2019/08/12 23:37:32
I190812 23:37:32.116317 1 util/log/clog.go:1199  [config] running on machine: Sergio-PC
I190812 23:37:32.116317 1 util/log/clog.go:1199  [config] binary: CockroachDB CCL v19.1.3 (x86_64-unknown-linux-gnu, built 2019/07/08 18:24:39, go1.11.6)
I190812 23:37:32.116317 1 util/log/clog.go:1199  [config] arguments: [cockroach start --insecure]
I190812 23:37:32.116317 1 util/log/clog.go:1199  line format: [IWEF]yymmdd hh:mm:ss.uuuuuu goid file:line msg utf8=✓
I190812 23:37:32.116316 1 cli/start.go:1033  logging to directory /home/sergio/Desarrollo/GoProjects/src/github.com/seramirezdev/truora-test/cockroach-data/logs
W190812 23:37:32.116531 1 cli/start.go:1068  RUNNING IN INSECURE MODE!

- Your cluster is open for any client that can access <all your IP addresses>.
- Any user, even root, can log in without providing a password.
- Any user, connecting as root, can read or write any data in your cluster.
- There is no network encryption nor authentication, and thus no confidentiality.

Check out how to secure your cluster: https://www.cockroachlabs.com/docs/v19.1/secure-a-cluster.html
I190812 23:37:32.116676 1 server/status/recorder.go:610  available memory from cgroups (8.0 EiB) exceeds system memory 16 GiB, using system memory
W190812 23:37:32.116722 1 cli/start.go:944  Using the default setting for --cache (128 MiB).
  A significantly larger value is usually needed for good performance.
  If you have a dedicated server a reasonable setting is --cache=.25 (3.9 GiB).
I190812 23:37:32.116815 1 server/status/recorder.go:610  available memory from cgroups (8.0 EiB) exceeds system memory 16 GiB, using system memory
W190812 23:37:32.116883 1 cli/start.go:957  Using the default setting for --max-sql-memory (128 MiB).
  A significantly larger value is usually needed in production.
  If you have a dedicated server a reasonable setting is --max-sql-memory=.25 (3.9 GiB).
I190812 23:37:32.116992 1 server/status/recorder.go:610  available memory from cgroups (8.0 EiB) exceeds system memory 16 GiB, using system memory
I190812 23:37:32.117003 1 cli/start.go:1082  CockroachDB CCL v19.1.3 (x86_64-unknown-linux-gnu, built 2019/07/08 18:24:39, go1.11.6)
I190812 23:37:32.218512 1 server/status/recorder.go:610  available memory from cgroups (8.0 EiB) exceeds system memory 16 GiB, using system memory
I190812 23:37:32.218553 1 server/config.go:386  system total memory: 16 GiB
I190812 23:37:32.218708 1 server/config.go:388  server configuration:
max offset             500000000
cache size             128 MiB
SQL memory pool size   128 MiB
scan interval          10m0s
scan min idle time     10ms
scan max idle time     1s
event log enabled      true
I190812 23:37:32.218762 1 cli/start.go:929  process identity: uid 1000 euid 1000 gid 1000 egid 1000
I190812 23:37:32.218794 1 cli/start.go:554  starting cockroach node
I190812 23:37:32.225198 37 storage/engine/rocksdb.go:613  opening rocksdb instance at "/home/sergio/Desarrollo/GoProjects/src/github.com/seramirezdev/truora-test/cockroach-data/cockroach-temp511989963"
I190812 23:37:32.483422 37 server/server.go:879  [n?] monitoring forward clock jumps based on server.clock.forward_jump_check_enabled
E190812 23:37:32.527430 1 cli/error.go:229  cockroach server exited with error: consider changing the port via --http-addr: listen tcp :8080: bind: address already in use
Error: cockroach server exited with error: consider changing the port via --http-addr: listen tcp :8080: bind: address already in use
